Arquivo: assets/map_files/invalid/broken_xpm.cub
valgrind: ./cub3d: No such file or directory
Arquivo: assets/map_files/invalid/color_invalid_rgb.cub
valgrind: ./cub3d: No such file or directory
Arquivo: assets/map_files/invalid/color_missing_ceiling_rgb.cub
valgrind: ./cub3d: No such file or directory
Arquivo: assets/map_files/invalid/color_missing.cub
valgrind: ./cub3d: No such file or directory
Arquivo: assets/map_files/invalid/color_missing_floor_rgb.cub
valgrind: ./cub3d: No such file or directory
Arquivo: assets/map_files/invalid/color_none.cub
valgrind: ./cub3d: No such file or directory
Arquivo: assets/map_files/invalid/duplicated_setting.cub
valgrind: ./cub3d: No such file or directory
Arquivo: assets/map_files/invalid/empty.cub
valgrind: ./cub3d: No such file or directory
Arquivo: assets/map_files/invalid/file_letter_end.cub
valgrind: ./cub3d: No such file or directory
Arquivo: assets/map_files/invalid/invalid_4_color.cub
valgrind: ./cub3d: No such file or directory
Arquivo: assets/map_files/invalid/invalid_map_char.cub
valgrind: ./cub3d: No such file or directory
Arquivo: assets/map_files/invalid/invalid_map.cub
valgrind: ./cub3d: No such file or directory
Arquivo: assets/map_files/invalid/map0.cub
valgrind: ./cub3d: No such file or directory
Arquivo: assets/map_files/invalid/map10.cub
valgrind: ./cub3d: No such file or directory
Arquivo: assets/map_files/invalid/map11.cub
valgrind: ./cub3d: No such file or directory
Arquivo: assets/map_files/invalid/map12.cub
valgrind: ./cub3d: No such file or directory
Arquivo: assets/map_files/invalid/map13.cub
valgrind: ./cub3d: No such file or directory
Arquivo: assets/map_files/invalid/map14.cub
valgrind: ./cub3d: No such file or directory
Arquivo: assets/map_files/invalid/map15.cub
valgrind: ./cub3d: No such file or directory
Arquivo: assets/map_files/invalid/map16.cub
valgrind: ./cub3d: No such file or directory
Arquivo: assets/map_files/invalid/map17.cub
valgrind: ./cub3d: No such file or directory
Arquivo: assets/map_files/invalid/map18.cub
valgrind: ./cub3d: No such file or directory
Arquivo: assets/map_files/invalid/map19.cub
valgrind: ./cub3d: No such file or directory
Arquivo: assets/map_files/invalid/map1.cub
valgrind: ./cub3d: No such file or directory
Arquivo: assets/map_files/invalid/map2.cub
valgrind: ./cub3d: No such file or directory
Arquivo: assets/map_files/invalid/map3.cub
valgrind: ./cub3d: No such file or directory
Arquivo: assets/map_files/invalid/map4.cub
valgrind: ./cub3d: No such file or directory
Arquivo: assets/map_files/invalid/map5.cub
valgrind: ./cub3d: No such file or directory
Arquivo: assets/map_files/invalid/map6.cub
valgrind: ./cub3d: No such file or directory
Arquivo: assets/map_files/invalid/map7.cub
valgrind: ./cub3d: No such file or directory
Arquivo: assets/map_files/invalid/map8.cub
valgrind: ./cub3d: No such file or directory
Arquivo: assets/map_files/invalid/map9.cub
valgrind: ./cub3d: No such file or directory
Arquivo: assets/map_files/invalid/map_first.cub
valgrind: ./cub3d: No such file or directory
Arquivo: assets/map_files/invalid/map_middle.cub
valgrind: ./cub3d: No such file or directory
Arquivo: assets/map_files/invalid/map_missing.cub
valgrind: ./cub3d: No such file or directory
Arquivo: assets/map_files/invalid/map_only.cub
valgrind: ./cub3d: No such file or directory
Arquivo: assets/map_files/invalid/map_too_small.cub
valgrind: ./cub3d: No such file or directory
Arquivo: assets/map_files/invalid/new_testCralos.cub
valgrind: ./cub3d: No such file or directory
Arquivo: assets/map_files/invalid/player_multiple.cub
valgrind: ./cub3d: No such file or directory
Arquivo: assets/map_files/invalid/player_none.cub
valgrind: ./cub3d: No such file or directory
Arquivo: assets/map_files/invalid/player_on_edge.cub
valgrind: ./cub3d: No such file or directory
Arquivo: assets/map_files/invalid/subject_map.cub
valgrind: ./cub3d: No such file or directory
Arquivo: assets/map_files/invalid/test_map_hole.cub
valgrind: ./cub3d: No such file or directory
Arquivo: assets/map_files/invalid/textures_dir2.cub
valgrind: ./cub3d: No such file or directory
Arquivo: assets/map_files/invalid/textures_dir.cub
valgrind: ./cub3d: No such file or directory
Arquivo: assets/map_files/invalid/textures_duplicates.cub
valgrind: ./cub3d: No such file or directory
Arquivo: assets/map_files/invalid/textures_forbidden.cub
valgrind: ./cub3d: No such file or directory
Arquivo: assets/map_files/invalid/textures_invalid.cub
valgrind: ./cub3d: No such file or directory
Arquivo: assets/map_files/invalid/textures_missing.cub
valgrind: ./cub3d: No such file or directory
Arquivo: assets/map_files/invalid/textures_multiple_words.cub
valgrind: ./cub3d: No such file or directory
Arquivo: assets/map_files/invalid/textures_none.cub
valgrind: ./cub3d: No such file or directory
Arquivo: assets/map_files/invalid/textures_not_xpm.cub
valgrind: ./cub3d: No such file or directory
Arquivo: assets/map_files/invalid/textures_value_missing.cub
valgrind: ./cub3d: No such file or directory
Arquivo: assets/map_files/invalid/triangle_open.cub
valgrind: ./cub3d: No such file or directory
Arquivo: assets/map_files/invalid/ultimate.cub
valgrind: ./cub3d: No such file or directory
Arquivo: assets/map_files/invalid/wall_hole_east.cub
valgrind: ./cub3d: No such file or directory
Arquivo: assets/map_files/invalid/wall_hole_north.cub
valgrind: ./cub3d: No such file or directory
Arquivo: assets/map_files/invalid/wall_hole_south.cub
valgrind: ./cub3d: No such file or directory
Arquivo: assets/map_files/invalid/wall_hole_west.cub
valgrind: ./cub3d: No such file or directory
Arquivo: assets/map_files/invalid/wall_none.cub
valgrind: ./cub3d: No such file or directory
Arquivo: assets/map_files/invalid/wrong11.cub
valgrind: ./cub3d: No such file or directory
Arquivo: assets/map_files/invalid/wrong12.cub
valgrind: ./cub3d: No such file or directory
Arquivo: assets/map_files/invalid/wrong13.cub
valgrind: ./cub3d: No such file or directory
Arquivo: assets/map_files/invalid/wrong14.cub
valgrind: ./cub3d: No such file or directory
Arquivo: assets/map_files/invalid/wrong15.cub
valgrind: ./cub3d: No such file or directory
Arquivo: assets/map_files/invalid/wrong16.cub
valgrind: ./cub3d: No such file or directory
Arquivo: assets/map_files/invalid/wrong17.cub
valgrind: ./cub3d: No such file or directory
Arquivo: assets/map_files/invalid/wrong18.cub
valgrind: ./cub3d: No such file or directory
Arquivo: assets/map_files/invalid/wrong19.cub
valgrind: ./cub3d: No such file or directory
Arquivo: assets/map_files/invalid/wrong20.cub
valgrind: ./cub3d: No such file or directory
Arquivo: assets/map_files/invalid/wrong21.cub
valgrind: ./cub3d: No such file or directory
Arquivo: assets/map_files/invalid/wrong22.cub
valgrind: ./cub3d: No such file or directory
Arquivo: assets/map_files/invalid/wrong23.cub
valgrind: ./cub3d: No such file or directory
Arquivo: assets/map_files/invalid/wrong24.cub
valgrind: ./cub3d: No such file or directory
Arquivo: assets/map_files/invalid/wrong25.cub
valgrind: ./cub3d: No such file or directory
Arquivo: assets/map_files/invalid/wrong26.cub
valgrind: ./cub3d: No such file or directory
Arquivo: assets/map_files/invalid/wrong27.cub
valgrind: ./cub3d: No such file or directory
Arquivo: assets/map_files/invalid/wrong28.cub
valgrind: ./cub3d: No such file or directory
Arquivo: assets/map_files/invalid/wrong29.cub
valgrind: ./cub3d: No such file or directory
Arquivo: assets/map_files/invalid/wrong2.cub
valgrind: ./cub3d: No such file or directory
Arquivo: assets/map_files/invalid/wrong30.cub
valgrind: ./cub3d: No such file or directory
Arquivo: assets/map_files/invalid/wrong31.cub
valgrind: ./cub3d: No such file or directory
Arquivo: assets/map_files/invalid/wrong32.cub
valgrind: ./cub3d: No such file or directory
Arquivo: assets/map_files/invalid/wrong33.cub
valgrind: ./cub3d: No such file or directory
Arquivo: assets/map_files/invalid/wrong34.cub
valgrind: ./cub3d: No such file or directory
Arquivo: assets/map_files/invalid/wrong35.cub
valgrind: ./cub3d: No such file or directory
Arquivo: assets/map_files/invalid/wrong36.cub
valgrind: ./cub3d: No such file or directory
Arquivo: assets/map_files/invalid/wrong37.cub
valgrind: ./cub3d: No such file or directory
Arquivo: assets/map_files/invalid/wrong38.cub
valgrind: ./cub3d: No such file or directory
Arquivo: assets/map_files/invalid/wrong39.cub
valgrind: ./cub3d: No such file or directory
Arquivo: assets/map_files/invalid/wrong3.cub
valgrind: ./cub3d: No such file or directory
Arquivo: assets/map_files/invalid/wrong5.cub
valgrind: ./cub3d: No such file or directory
Arquivo: assets/map_files/invalid/wrong6.cub
valgrind: ./cub3d: No such file or directory
Arquivo: assets/map_files/invalid/wrong8.cub
valgrind: ./cub3d: No such file or directory
Arquivo: assets/map_files/invalid/wrong9.cub
valgrind: ./cub3d: No such file or directory
Arquivo: assets/map_files/invalid/wrong_setting.cub
valgrind: ./cub3d: No such file or directory
Arquivo: assets/map_files/invalid/xpm_wrong_size.cub
valgrind: ./cub3d: No such file or directory
Arquivo: assets/map_files/valid/cheese_maze 1.cub
valgrind: ./cub3d: No such file or directory
Arquivo: assets/map_files/valid/cheese_maze.cub
valgrind: ./cub3d: No such file or directory
Arquivo: assets/map_files/valid/creepy.cub
valgrind: ./cub3d: No such file or directory
Arquivo: assets/map_files/valid/dungeon.cub
valgrind: ./cub3d: No such file or directory
Arquivo: assets/map_files/valid/inner_walls.cub
valgrind: ./cub3d: No such file or directory
Arquivo: assets/map_files/valid/inner_walls_multi_sections.cub
valgrind: ./cub3d: No such file or directory
Arquivo: assets/map_files/valid/library.cub
valgrind: ./cub3d: No such file or directory
Arquivo: assets/map_files/valid/map1.cub
valgrind: ./cub3d: No such file or directory
Arquivo: assets/map_files/valid/map2.cub
valgrind: ./cub3d: No such file or directory
Arquivo: assets/map_files/valid/map3.cub
valgrind: ./cub3d: No such file or directory
Arquivo: assets/map_files/valid/map4.cub
valgrind: ./cub3d: No such file or directory
Arquivo: assets/map_files/valid/map5.cub
valgrind: ./cub3d: No such file or directory
Arquivo: assets/map_files/valid/map.cub
valgrind: ./cub3d: No such file or directory
Arquivo: assets/map_files/valid/map_whitespace_left.cub
valgrind: ./cub3d: No such file or directory
Arquivo: assets/map_files/valid/matrix.cub
valgrind: ./cub3d: No such file or directory
Arquivo: assets/map_files/valid/prova.cub
valgrind: ./cub3d: No such file or directory
Arquivo: assets/map_files/valid/right1.cub
valgrind: ./cub3d: No such file or directory
Arquivo: assets/map_files/valid/right2.cub
valgrind: ./cub3d: No such file or directory
Arquivo: assets/map_files/valid/right3.cub
valgrind: ./cub3d: No such file or directory
Arquivo: assets/map_files/valid/right4.cub
valgrind: ./cub3d: No such file or directory
Arquivo: assets/map_files/valid/right5.cub
valgrind: ./cub3d: No such file or directory
Arquivo: assets/map_files/valid/right6.cub
valgrind: ./cub3d: No such file or directory
Arquivo: assets/map_files/valid/right7.cub
valgrind: ./cub3d: No such file or directory
Arquivo: assets/map_files/valid/sad_face.cub
valgrind: ./cub3d: No such file or directory
Arquivo: assets/map_files/valid/square_map.cub
valgrind: ./cub3d: No such file or directory
Arquivo: assets/map_files/valid/subject_map.cub
valgrind: ./cub3d: No such file or directory
Arquivo: assets/map_files/valid/test_map.cub
valgrind: ./cub3d: No such file or directory
Arquivo: assets/map_files/valid/test_map_hole.cub
valgrind: ./cub3d: No such file or directory
Arquivo: assets/map_files/valid/test_pos_bottom.cub
valgrind: ./cub3d: No such file or directory
Arquivo: assets/map_files/valid/test_pos_left.cub
valgrind: ./cub3d: No such file or directory
Arquivo: assets/map_files/valid/test_pos_right.cub
valgrind: ./cub3d: No such file or directory
Arquivo: assets/map_files/valid/test_pos_top.cub
valgrind: ./cub3d: No such file or directory
Arquivo: assets/map_files/valid/test_textures.cub
valgrind: ./cub3d: No such file or directory
Arquivo: assets/map_files/valid/test_whitespace.cub
valgrind: ./cub3d: No such file or directory
Arquivo: assets/map_files/valid/triangle.cub
valgrind: ./cub3d: No such file or directory
Arquivo: assets/map_files/valid/triangle_multi.cub
valgrind: ./cub3d: No such file or directory
Arquivo: assets/map_files/valid/triangle_multi_open.cub
valgrind: ./cub3d: No such file or directory
Arquivo: assets/map_files/valid/works.cub
valgrind: ./cub3d: No such file or directory
